#
# There is insufficient memory for the Java Runtime Environment to continue.
# Native memory allocation (malloc) failed to allocate 32744 bytes for ChunkPool::allocate
# Possible reasons:
#   The system is out of physical RAM or swap space
#   In 32 bit mode, the process size limit was hit
# Possible solutions:
#   Reduce memory load on the system
#   Increase physical memory or swap space
#   Check if swap backing store is full
#   Use 64 bit Java on a 64 bit OS
#   Decrease Java heap size (-Xmx/-Xms)
#   Decrease number of Java threads
#   Decrease Java thread stack sizes (-Xss)
#   Set larger code cache with -XX:ReservedCodeCacheSize=
# This output file may be truncated or incomplete.
#
#  Out of Memory Error (allocation.cpp:273), pid=6076, tid=0x00000000000016ec
#
# JRE version: Java(TM) SE Runtime Environment (8.0_144-b01) (build 1.8.0_144-b01)
# Java VM: Java HotSpot(TM) 64-Bit Server VM (25.144-b01 mixed mode windows-amd64 compressed oops)
# Failed to write core dump. Minidumps are not enabled by default on client versions of Windows
#

---------------  T H R E A D  ---------------

Current thread (0x0000000002130800):  JavaThread "main" [_thread_in_vm, id=5868, stack(0x0000000001f50000,0x0000000002050000)]

Stack: [0x0000000001f50000,0x0000000002050000]
[error occurred during error reporting (printing stack bounds), id 0xc0000005]

Native frames: (J=compiled Java code, j=interpreted, Vv=VM code, C=native code)

Java frames: (J=compiled Java code, j=interpreted, Vv=VM code)
j  java.lang.ClassLoader.findBootstrapClass(Ljava/lang/String;)Ljava/lang/Class;+0
j  java.lang.ClassLoader.findBootstrapClassOrNull(Ljava/lang/String;)Ljava/lang/Class;+12
j  java.lang.ClassLoader.loadClass(Ljava/lang/String;Z)Ljava/lang/Class;+48
j  java.lang.ClassLoader.loadClass(Ljava/lang/String;)Ljava/lang/Class;+3
v  ~StubRoutines::call_stub
j  org.apache.derby.iapi.jdbc.JDBCBoot.boot(Ljava/lang/String;Ljava/io/PrintWriter;)V+0
j  org.apache.derby.jdbc.EmbeddedDriver.boot()V+30
j  org.apache.derby.jdbc.EmbeddedDriver.<clinit>()V+0
v  ~StubRoutines::call_stub
j  utils.ReadFromDB.getSweets()Ljava/util/List;+8
j  main.Gift.main([Ljava/lang/String;)V+113
v  ~StubRoutines::call_stub

---------------  P R O C E S S  ---------------

Java Threads: ( => current thread )
  0x00000000161ee000 JavaThread "Service Thread" daemon [_thread_blocked, id=5960, stack(0x00000000165c0000,0x00000000166c0000)]
  0x00000000148a1800 JavaThread "C1 CompilerThread2" daemon [_thread_blocked, id=3016, stack(0x00000000160c0000,0x00000000161c0000)]
  0x000000001489e800 JavaThread "C2 CompilerThread1" daemon [_thread_blocked, id=4196, stack(0x0000000015fc0000,0x00000000160c0000)]
  0x0000000014890800 JavaThread "C2 CompilerThread0" daemon [_thread_blocked, id=5492, stack(0x0000000015ec0000,0x0000000015fc0000)]
  0x000000001488f000 JavaThread "Attach Listener" daemon [_thread_blocked, id=3120, stack(0x0000000015dc0000,0x0000000015ec0000)]
  0x000000001488c000 JavaThread "Signal Dispatcher" daemon [_thread_blocked, id=2348, stack(0x0000000015cc0000,0x0000000015dc0000)]
  0x000000001487a800 JavaThread "Finalizer" daemon [_thread_blocked, id=5916, stack(0x0000000015ae0000,0x0000000015be0000)]
  0x0000000014859000 JavaThread "Reference Handler" daemon [_thread_blocked, id=5516, stack(0x00000000159e0000,0x0000000015ae0000)]
=>0x0000000002130800 JavaThread "main" [_thread_in_vm, id=5868, stack(0x0000000001f50000,0x0000000002050000)]

Other Threads:
  0x0000000014857000 VMThread [stack: 0x00000000158e0000,0x00000000159e0000] [id=1244]
  0x0000000016214800 WatcherThread [stack: 0x00000000167b0000,0x00000000168b0000] [id=5756]

VM state:not at safepoint (normal execution)

VM Mutex/Monitor currently owned by a thread: None

Heap:
 PSYoungGen      total 18944K, used 2294K [0x00000000eaf00000, 0x00000000ec400000, 0x0000000100000000)
  eden space 16384K, 14% used [0x00000000eaf00000,0x00000000eb13d860,0x00000000ebf00000)
  from space 2560K, 0% used [0x00000000ec180000,0x00000000ec180000,0x00000000ec400000)
  to   space 2560K, 0% used [0x00000000ebf00000,0x00000000ebf00000,0x00000000ec180000)
 ParOldGen       total 44032K, used 0K [0x00000000c0c00000, 0x00000000c3700000, 0x00000000eaf00000)
  object space 44032K, 0% used [0x00000000c0c00000,0x00000000c0c00000,0x00000000c3700000)
 Metaspace       used 4996K, capacity 5192K, committed 5376K, reserved 1056768K
  class space    used 578K, capacity 664K, committed 768K, reserved 1048576K

Card table byte_map: [0x00000000115f0000,0x00000000117f0000] byte_map_base: 0x0000000010fea000

Marking Bits: (ParMarkBitMap*) 0x0000000051cbd850
 Begin Bits: [0x0000000011d50000, 0x0000000012d20000)
 End Bits:   [0x0000000012d20000, 0x0000000013cf0000)

Polling page: 0x0000000000700000

CodeCache: size=245760Kb used=1418Kb max_used=1418Kb free=244341Kb
 bounds [0x0000000002230000, 0x00000000024a0000, 0x0000000011230000]
 total_blobs=416 nmethods=141 adapters=188
 compilation: enabled

Compilation events (10 events):
Event: 0.421 Thread 0x00000000148a1800 nmethod 132 0x0000000002382790 code [0x0000000002382900, 0x0000000002382b58]
Event: 0.421 Thread 0x00000000148a1800  133       3       java.lang.CharacterDataLatin1::toUpperCaseEx (71 bytes)
Event: 0.421 Thread 0x00000000148a1800 nmethod 133 0x0000000002382c10 code [0x0000000002382d80, 0x0000000002383050]
Event: 0.423 Thread 0x00000000148a1800  135   !   3       sun.net.www.ParseUtil::decode (316 bytes)
Event: 0.423 Thread 0x0000000014890800  137       4       java.lang.StringBuilder::append (8 bytes)
Event: 0.427 Thread 0x00000000148a1800 nmethod 135 0x00000000023831d0 code [0x00000000023836e0, 0x0000000002387008]
Event: 0.427 Thread 0x00000000148a1800  136       3       java.nio.Buffer::limit (62 bytes)
Event: 0.427 Thread 0x00000000148a1800 nmethod 136 0x0000000002389350 code [0x00000000023894c0, 0x00000000023897c8]
Event: 0.428 Thread 0x0000000014890800 nmethod 137 0x000000000238c790 code [0x000000000238c8e0, 0x000000000238cc08]
Event: 0.429 Thread 0x00000000148a1800  139       3       sun.nio.cs.UTF_8$Decoder::decode (779 bytes)

GC Heap History (0 events):
No events

Deoptimization events (0 events):
No events

Internal exceptions (10 events):
Event: 0.275 Thread 0x0000000002130800 Exception <a 'java/security/PrivilegedActionException'> (0x00000000eb060968) thrown at [C:\re\workspace\8-2-build-windows-amd64-cygwin\jdk8u144\9417\hotspot\src\share\vm\prims\jvm.cpp, line 1390]
Event: 0.275 Thread 0x0000000002130800 Exception <a 'java/security/PrivilegedActionException'> (0x00000000eb060b78) thrown at [C:\re\workspace\8-2-build-windows-amd64-cygwin\jdk8u144\9417\hotspot\src\share\vm\prims\jvm.cpp, line 1390]
Event: 0.276 Thread 0x0000000002130800 Exception <a 'java/security/PrivilegedActionException'> (0x00000000eb062340) thrown at [C:\re\workspace\8-2-build-windows-amd64-cygwin\jdk8u144\9417\hotspot\src\share\vm\prims\jvm.cpp, line 1390]
Event: 0.276 Thread 0x0000000002130800 Exception <a 'java/security/PrivilegedActionException'> (0x00000000eb062550) thrown at [C:\re\workspace\8-2-build-windows-amd64-cygwin\jdk8u144\9417\hotspot\src\share\vm\prims\jvm.cpp, line 1390]
Event: 0.276 Thread 0x0000000002130800 Exception <a 'java/security/PrivilegedActionException'> (0x00000000eb063c98) thrown at [C:\re\workspace\8-2-build-windows-amd64-cygwin\jdk8u144\9417\hotspot\src\share\vm\prims\jvm.cpp, line 1390]
Event: 0.276 Thread 0x0000000002130800 Exception <a 'java/security/PrivilegedActionException'> (0x00000000eb063ea8) thrown at [C:\re\workspace\8-2-build-windows-amd64-cygwin\jdk8u144\9417\hotspot\src\share\vm\prims\jvm.cpp, line 1390]
Event: 0.276 Thread 0x0000000002130800 Exception <a 'java/security/PrivilegedActionException'> (0x00000000eb065670) thrown at [C:\re\workspace\8-2-build-windows-amd64-cygwin\jdk8u144\9417\hotspot\src\share\vm\prims\jvm.cpp, line 1390]
Event: 0.276 Thread 0x0000000002130800 Exception <a 'java/security/PrivilegedActionException'> (0x00000000eb065880) thrown at [C:\re\workspace\8-2-build-windows-amd64-cygwin\jdk8u144\9417\hotspot\src\share\vm\prims\jvm.cpp, line 1390]
Event: 0.276 Thread 0x0000000002130800 Exception <a 'java/security/PrivilegedActionException'> (0x00000000eb067048) thrown at [C:\re\workspace\8-2-build-windows-amd64-cygwin\jdk8u144\9417\hotspot\src\share\vm\prims\jvm.cpp, line 1390]
Event: 0.276 Thread 0x0000000002130800 Exception <a 'java/security/PrivilegedActionException'> (0x00000000eb067258) thrown at [C:\re\workspace\8-2-build-windows-amd64-cygwin\jdk8u144\9417\hotspot\src\share\vm\prims\jvm.cpp, line 1390]

Events (10 events):
Event: 0.432 loading class javax/sql/PooledConnection
Event: 0.432 loading class javax/sql/PooledConnection done
Event: 0.432 loading class javax/sql/XAConnection done
Event: 0.432 loading class org/apache/derby/security/SystemPermission
Event: 0.432 loading class org/apache/derby/security/SystemPermission done
Event: 0.433 loading class java/sql/Statement
Event: 0.433 loading class java/sql/Statement done
Event: 0.434 loading class java/sql/CallableStatement
Event: 0.434 loading class java/sql/PreparedStatement
Event: 0.434 loading class java/sql/PreparedStatement done


Dynamic libraries:
0x00007ff71d960000 - 0x00007ff71d997000 	C:\Program Files\Java\jre1.8.0_144\bin\javaw.exe
0x00007ffd19e70000 - 0x00007ffd1a01d000 	C:\Windows\SYSTEM32\ntdll.dll
0x00007ffd193e0000 - 0x00007ffd1951e000 	C:\Windows\system32\KERNEL32.DLL
0x00007ffd172a0000 - 0x00007ffd173b5000 	C:\Windows\system32\KERNELBASE.dll
0x00007ffd159a0000 - 0x00007ffd15a2e000 	C:\Windows\system32\apphelp.dll
0x00007ffcfdb40000 - 0x00007ffcfdb93000 	C:\Windows\AppPatch\AppPatch64\AcGenral.DLL
0x00007ffd19880000 - 0x00007ffd1992a000 	C:\Windows\system32\msvcrt.dll
0x00007ffd173c0000 - 0x00007ffd173ee000 	C:\Windows\system32\SspiCli.dll
0x00007ffd19930000 - 0x00007ffd19984000 	C:\Windows\system32\SHLWAPI.dll
0x00007ffd19990000 - 0x00007ffd19b07000 	C:\Windows\system32\USER32.dll
0x00007ffd19520000 - 0x00007ffd196b4000 	C:\Windows\system32\ole32.dll
0x00007ffd17be0000 - 0x00007ffd19109000 	C:\Windows\system32\SHELL32.dll
0x00007ffd16550000 - 0x00007ffd16571000 	C:\Windows\SYSTEM32\USERENV.dll
0x00007ffd19d70000 - 0x00007ffd19e1a000 	C:\Windows\system32\ADVAPI32.dll
0x00007ffd12800000 - 0x00007ffd1281e000 	C:\Windows\SYSTEM32\MPR.dll
0x00007ffd19bd0000 - 0x00007ffd19d10000 	C:\Windows\system32\RPCRT4.dll
0x00007ffd19d10000 - 0x00007ffd19d69000 	C:\Windows\SYSTEM32\sechost.dll
0x00007ffd176a0000 - 0x00007ffd178b2000 	C:\Windows\SYSTEM32\combase.dll
0x00007ffd17a90000 - 0x00007ffd17bdb000 	C:\Windows\system32\GDI32.dll
0x00007ffd16f90000 - 0x00007ffd16fa5000 	C:\Windows\SYSTEM32\profapi.dll
0x00007ffd15370000 - 0x00007ffd15422000 	C:\Windows\SYSTEM32\SHCORE.dll
0x00007ffd19e20000 - 0x00007ffd19e56000 	C:\Windows\system32\IMM32.DLL
0x00007ffd17930000 - 0x00007ffd17a82000 	C:\Windows\system32\MSCTF.dll
0x00007ffd14790000 - 0x00007ffd14a0b000 	C:\Windows\WinSxS\amd64_microsoft.windows.common-controls_6595b64144ccf1df_6.0.9600.18006_none_623f33d3ecbe86e8\COMCTL32.dll
0x00000000511d0000 - 0x00000000512a2000 	C:\Program Files\Java\jre1.8.0_144\bin\msvcr100.dll
0x00000000514a0000 - 0x0000000051d3d000 	C:\Program Files\Java\jre1.8.0_144\bin\server\jvm.dll
0x00007ffd0e240000 - 0x00007ffd0e249000 	C:\Windows\SYSTEM32\WSOCK32.dll
0x00007ffd14600000 - 0x00007ffd14622000 	C:\Windows\SYSTEM32\WINMM.dll
0x00007ffd14630000 - 0x00007ffd1463a000 	C:\Windows\SYSTEM32\VERSION.dll
0x00007ffd193d0000 - 0x00007ffd193d7000 	C:\Windows\system32\PSAPI.DLL
0x00007ffd174f0000 - 0x00007ffd1754a000 	C:\Windows\system32\WS2_32.dll
0x00007ffd145d0000 - 0x00007ffd145fa000 	C:\Windows\SYSTEM32\WINMMBASE.dll
0x00007ffd178c0000 - 0x00007ffd178c9000 	C:\Windows\system32\NSI.dll
0x00007ffd173f0000 - 0x00007ffd1743f000 	C:\Windows\SYSTEM32\cfgmgr32.dll
0x00007ffd15c00000 - 0x00007ffd15c28000 	C:\Windows\SYSTEM32\DEVOBJ.dll
0x0000000051f30000 - 0x0000000051f3f000 	C:\Program Files\Java\jre1.8.0_144\bin\verify.dll
0x0000000051470000 - 0x0000000051499000 	C:\Program Files\Java\jre1.8.0_144\bin\java.dll
0x0000000051450000 - 0x0000000051466000 	C:\Program Files\Java\jre1.8.0_144\bin\zip.dll

VM Arguments:
jvm_args: -Dfile.encoding=Cp1251 
java_command: main.Gift
java_class_path (initial): C:\Users\Lidziya\eclipse-workspace\NYGift\bin;C:\Users\Lidziya\eclipse-workspace\NYGift\derby.jar;C:\Program Files\Java\jre1.8.0_144\lib\ext\derby.jar
Launcher Type: SUN_STANDARD

Environment Variables:
JAVA_HOME=C:\Program Files\Java\jdk1.8.0_144
PATH=C:/Program Files/Java/jre1.8.0_144/bin/server;C:/Program Files/Java/jre1.8.0_144/bin;C:/Program Files/Java/jre1.8.0_144/lib/amd64;C:\ProgramData\Oracle\Java\javapath;C:\Program Files (x86)\Intel\iCLS Client\;C:\Program Files\Intel\iCLS Client\;C:\Windows\system32;C:\Windows;C:\Windows\System32\Wbem;C:\Windows\System32\WindowsPowerShell\v1.0\;C:\Program Files\Intel\Intel(R) Management Engine Components\DAL;C:\Program Files\Intel\Intel(R) Management Engine Components\IPT;C:\Program Files (x86)\Intel\Intel(R) Management Engine Components\DAL;C:\Program Files (x86)\Intel\Intel(R) Management Engine Components\IPT;C:\Program Files (x86)\AMD\ATI.ACE\Core-Static;C:\Server\bin\PHP;C:\Program Files (x86)\Microsoft SQL Server\Client SDK\ODBC\110\Tools\Binn\;C:\Program Files (x86)\Microsoft SQL Server\120\Tools\Binn\;C:\Program Files (x86)\Microsoft SQL Server\120\DTS\Binn\;C:\Program Files (x86)\Microsoft SQL Server\120\Tools\Binn\ManagementStudio\;E:\À»ƒ¿\CDP 2016-2017\;C:\Program Files (x86)\Skype\Phone\;E:\eclipse;
USERNAME=Lidziya
OS=Windows_NT
PROCESSOR_IDENTIFIER=Intel64 Family 6 Model 42 Stepping 7, GenuineIntel



---------------  S Y S T E M  ---------------

OS: Windows 8.1 , 64 bit Build 9600 (6.3.9600.17415)

CPU:total 4 (initial active 4) (2 cores per cpu, 2 threads per core) family 6 model 42 stepping 7, cmov, cx8, fxsr, mmx, sse, sse2, sse3, ssse3, sse4.1, sse4.2, popcnt, avx, clmul, ht, tsc, tscinvbit

Memory: 4k page, physical 4140908k(478928k free), swap 4140908k(4996k free)

vm_info: Java HotSpot(TM) 64-Bit Server VM (25.144-b01) for windows-amd64 JRE (1.8.0_144-b01), built on Jul 21 2017 21:57:33 by "java_re" with MS VC++ 10.0 (VS2010)

time: Sat Oct 07 21:59:37 2017
elapsed time: 0 seconds (0d 0h 0m 0s)

